Watching for file changes with StatReloader
/Users/apple/Documents/delivery-env/brunodelivery/brunodelivery/settings.py changed, reloading.
Watching for file changes with StatReloader
"POST /track-shipment/ HTTP/1.1" 200 7308
/Users/apple/Documents/delivery-env/brunodelivery/brunodelivery/settings.py changed, reloading.
Watching for file changes with StatReloader
Bad Request: /shipment/
"POST /shipment/ HTTP/1.1" 400 6997
"GET /admin/ HTTP/1.1" 302 0
"GET /admin/login/?next=/admin/ HTTP/1.1" 200 2218
"GET /static/admin/js/nav_sidebar.js HTTP/1.1" 200 3763
"POST /admin/login/?next=/admin/ HTTP/1.1" 302 0
"GET /admin/ HTTP/1.1" 200 7094
"GET /static/admin/img/icon-changelink.svg HTTP/1.1" 200 380
"GET /static/admin/img/icon-deletelink.svg HTTP/1.1" 200 392
"GET /static/admin/img/icon-addlink.svg HTTP/1.1" 200 331
"GET /admin/delivery/shipment/ HTTP/1.1" 200 7879
- Broken pipe from ('127.0.0.1', 49190)
"GET /admin/jsi18n/ HTTP/1.1" 200 3343
"GET /static/admin/js/core.js HTTP/1.1" 200 5698
"GET /static/admin/js/actions.js HTTP/1.1" 200 7872
"GET /static/admin/js/urlify.js HTTP/1.1" 200 7902
"GET /static/admin/js/admin/RelatedObjectLookups.js HTTP/1.1" 200 8985
"GET /static/admin/js/prepopulate.js HTTP/1.1" 200 1531
"GET /static/admin/js/vendor/xregexp/xregexp.min.js HTTP/1.1" 200 125266
"GET /static/admin/js/vendor/jquery/jquery.min.js HTTP/1.1" 200 89501
"GET /static/admin/img/tooltag-add.svg HTTP/1.1" 200 331
"GET / HTTP/1.1" 200 14540
/Users/apple/Documents/delivery-env/brunodelivery/brunodelivery/settings.py changed, reloading.
